<?xml version="1.0" encoding="UTF-8"?>
<testsuite name="BookTest" tests="1" skipped="0" failures="0" errors="0" timestamp="2017-04-05T00:05:48" hostname="Epicodus-6E.local" time="0.083">
  <properties/>
  <testcase name="Book_instantiatesCorrectly_true" classname="BookTest" time="0.083"/>
  <system-out><![CDATA[]]></system-out>
  <system-err><![CDATA[]]></system-err>
</testsuite>
